#
# There is insufficient memory for the Java Runtime Environment to continue.
# Native memory allocation (malloc) failed to allocate 1413936 bytes for Chunk::new
# Possible reasons:
#   The system is out of physical RAM or swap space
#   The process is running with CompressedOops enabled, and the Java Heap may be blocking the growth of the native heap
# Possible solutions:
#   Reduce memory load on the system
#   Increase physical memory or swap space
#   Check if swap backing store is full
#   Decrease Java heap size (-Xmx/-Xms)
#   Decrease number of Java threads
#   Decrease Java thread stack sizes (-Xss)
#   Set larger code cache with -XX:ReservedCodeCacheSize=
#   JVM is running with Zero Based Compressed Oops mode in which the Java heap is
#     placed in the first 32GB address space. The Java Heap base address is the
#     maximum limit for the native heap growth. Please use -XX:HeapBaseMinAddress
#     to set the Java Heap base and to place the Java Heap above 32GB virtual address.
# This output file may be truncated or incomplete.
#
#  Out of Memory Error (allocation.cpp:389), pid=38464, tid=0x0000000000009200
#
# JRE version: Java(TM) SE Runtime Environment (8.0_231-b11) (build 1.8.0_231-b11)
# Java VM: Java HotSpot(TM) 64-Bit Server VM (25.231-b11 mixed mode windows-amd64 compressed oops)
# Failed to write core dump. Minidumps are not enabled by default on client versions of Windows
#

---------------  T H R E A D  ---------------

Current thread (0x000000001e42d000):  JavaThread "C2 CompilerThread2" daemon [_thread_in_native, id=37376, stack(0x000000001ec90000,0x000000001ed90000)]

Stack: [0x000000001ec90000,0x000000001ed90000]
[error occurred during error reporting (printing stack bounds), id 0xc0000005]

Native frames: (J=compiled Java code, j=interpreted, Vv=VM code, C=native code)


Current CompileTask:
C2:   5408 3623       4       java.lang.Class::getMethod (64 bytes)


---------------  P R O C E S S  ---------------

Java Threads: ( => current thread )
  0x0000000021c65800 JavaThread "Druid-ConnectionPool-Destroy-1193710204" daemon [_thread_blocked, id=30092, stack(0x0000000027a80000,0x0000000027b80000)]
  0x0000000022a2a800 JavaThread "Druid-ConnectionPool-Create-1193710204" daemon [_thread_blocked, id=39064, stack(0x0000000027980000,0x0000000027a80000)]
  0x00000000212eb000 JavaThread "mysql-cj-abandoned-connection-cleanup" daemon [_thread_blocked, id=24568, stack(0x00000000263d0000,0x00000000264d0000)]
  0x00000000227d9800 JavaThread "container-0" [_thread_blocked, id=37728, stack(0x00000000262d0000,0x00000000263d0000)]
  0x00000000227d9000 JavaThread "Catalina-utility-2" [_thread_blocked, id=6164, stack(0x00000000261d0000,0x00000000262d0000)]
  0x000000001e5f8000 JavaThread "Catalina-utility-1" [_thread_blocked, id=33664, stack(0x0000000024e90000,0x0000000024f90000)]
  0x000000001e4c1800 JavaThread "Service Thread" daemon [_thread_blocked, id=28684, stack(0x000000001ee90000,0x000000001ef90000)]
  0x000000001e429000 JavaThread "C1 CompilerThread3" daemon [_thread_blocked, id=41536, stack(0x000000001ed90000,0x000000001ee90000)]
=>0x000000001e42d000 JavaThread "C2 CompilerThread2" daemon [_thread_in_native, id=37376, stack(0x000000001ec90000,0x000000001ed90000)]
  0x000000001e421800 JavaThread "C2 CompilerThread1" daemon [_thread_in_native, id=40332, stack(0x000000001eb90000,0x000000001ec90000)]
  0x000000001e41d000 JavaThread "C2 CompilerThread0" daemon [_thread_in_native, id=21764, stack(0x000000001ea90000,0x000000001eb90000)]
  0x000000001e41a800 JavaThread "Attach Listener" daemon [_thread_blocked, id=34396, stack(0x000000001e990000,0x000000001ea90000)]
  0x000000001e419800 JavaThread "Signal Dispatcher" daemon [_thread_blocked, id=41152, stack(0x000000001e890000,0x000000001e990000)]
  0x0000000002ace800 JavaThread "Finalizer" daemon [_thread_blocked, id=34944, stack(0x000000001e790000,0x000000001e890000)]
  0x0000000002acd000 JavaThread "Reference Handler" daemon [_thread_blocked, id=5348, stack(0x000000001e290000,0x000000001e390000)]
  0x00000000029d6000 JavaThread "main" [_thread_in_Java, id=39500, stack(0x00000000027e0000,0x00000000028e0000)]

Other Threads:
  0x000000001c4b9800 VMThread [stack: 0x000000001e190000,0x000000001e290000] [id=42112]
  0x000000001e532000 WatcherThread [stack: 0x000000001ef90000,0x000000001f090000] [id=38300]

VM state:not at safepoint (normal execution)

VM Mutex/Monitor currently owned by a thread: None

heap address: 0x00000006c2000000, size: 4064 MB, Compressed Oops mode: Zero based, Oop shift amount: 3
Narrow klass base: 0x0000000000000000, Narrow klass shift: 3
Compressed class space size: 1073741824 Address: 0x00000007c0000000

Heap:
 PSYoungGen      total 140288K, used 69452K [0x000000076b580000, 0x0000000779200000, 0x00000007c0000000)
  eden space 126976K, 44% used [0x000000076b580000,0x000000076ec54260,0x0000000773180000)
  from space 13312K, 99% used [0x0000000773180000,0x0000000773e7f060,0x0000000773e80000)
  to   space 15872K, 0% used [0x0000000778280000,0x0000000778280000,0x0000000779200000)
 ParOldGen       total 155136K, used 12940K [0x00000006c2000000, 0x00000006cb780000, 0x000000076b580000)
  object space 155136K, 8% used [0x00000006c2000000,0x00000006c2ca3228,0x00000006cb780000)
 Metaspace       used 50918K, capacity 52923K, committed 53160K, reserved 1095680K
  class space    used 6918K, capacity 7310K, committed 7344K, reserved 1048576K

Card table byte_map: [0x0000000011e90000,0x0000000012690000] byte_map_base: 0x000000000e880000

Marking Bits: (ParMarkBitMap*) 0x0000000055a46d90
 Begin Bits: [0x00000000133e0000, 0x0000000017360000)
 End Bits:   [0x0000000017360000, 0x000000001b2e0000)

Polling page: 0x0000000000b20000

CodeCache: size=245760Kb used=14064Kb max_used=14064Kb free=231695Kb
 bounds [0x0000000002ad0000, 0x00000000038a0000, 0x0000000011ad0000]
 total_blobs=4305 nmethods=3791 adapters=426
 compilation: enabled

Compilation events (10 events):
Event: 5.358 Thread 0x000000001e429000 3881       3       java.util.regex.Pattern$Node::study (21 bytes)
Event: 5.359 Thread 0x000000001e429000 nmethod 3881 0x00000000038910d0 code [0x0000000003891240, 0x00000000038914a8]
Event: 5.373 Thread 0x000000001e429000 3882       2       java.lang.ClassLoader::defineClass (43 bytes)
Event: 5.373 Thread 0x000000001e429000 nmethod 3882 0x0000000003891790 code [0x0000000003891940, 0x0000000003891c48]
Event: 5.378 Thread 0x000000001e429000 3883       3       io.netty.util.HashedWheelTimer$HashedWheelBucket::<init> (5 bytes)
Event: 5.378 Thread 0x000000001e429000 nmethod 3883 0x0000000003892010 code [0x0000000003892180, 0x0000000003892390]
Event: 5.378 Thread 0x000000001e429000 3884       3       io.netty.util.HashedWheelTimer$HashedWheelBucket::<init> (5 bytes)
Event: 5.378 Thread 0x000000001e429000 nmethod 3884 0x0000000003892490 code [0x00000000038925e0, 0x0000000003892790]
Event: 5.393 Thread 0x000000001e429000 3885       3       java.lang.ClassLoader::compareCerts (149 bytes)
Event: 5.393 Thread 0x000000001e429000 nmethod 3885 0x0000000003892a50 code [0x0000000003892c20, 0x00000000038934d8]

GC Heap History (10 events):
Event: 2.062 GC heap before
{Heap before GC invocations=5 (full 1):
 PSYoungGen      total 75776K, used 68013K [0x000000076b580000, 0x0000000772580000, 0x00000007c0000000)
  eden space 65024K, 100% used [0x000000076b580000,0x000000076f500000,0x000000076f500000)
  from space 10752K, 27% used [0x000000076f500000,0x000000076f7eb4d0,0x000000076ff80000)
  to   space 10752K, 0% used [0x0000000771b00000,0x0000000771b00000,0x0000000772580000)
 ParOldGen       total 111104K, used 11044K [0x00000006c2000000, 0x00000006c8c80000, 0x000000076b580000)
  object space 111104K, 9% used [0x00000006c2000000,0x00000006c2ac9238,0x00000006c8c80000)
 Metaspace       used 26830K, capacity 27851K, committed 28080K, reserved 1073152K
  class space    used 3482K, capacity 3704K, committed 3760K, reserved 1048576K
Event: 2.069 GC heap after
Heap after GC invocations=5 (full 1):
 PSYoungGen      total 100864K, used 7736K [0x000000076b580000, 0x0000000772400000, 0x00000007c0000000)
  eden space 91648K, 0% used [0x000000076b580000,0x000000076b580000,0x0000000770f00000)
  from space 9216K, 83% used [0x0000000771b00000,0x000000077228e138,0x0000000772400000)
  to   space 10752K, 0% used [0x0000000770f00000,0x0000000770f00000,0x0000000771980000)
 ParOldGen       total 111104K, used 11052K [0x00000006c2000000, 0x00000006c8c80000, 0x000000076b580000)
  object space 111104K, 9% used [0x00000006c2000000,0x00000006c2acb238,0x00000006c8c80000)
 Metaspace       used 26830K, capacity 27851K, committed 28080K, reserved 1073152K
  class space    used 3482K, capacity 3704K, committed 3760K, reserved 1048576K
}
Event: 3.153 GC heap before
{Heap before GC invocations=6 (full 1):
 PSYoungGen      total 100864K, used 99341K [0x000000076b580000, 0x0000000772400000, 0x00000007c0000000)
  eden space 91648K, 99% used [0x000000076b580000,0x0000000770ef5668,0x0000000770f00000)
  from space 9216K, 83% used [0x0000000771b00000,0x000000077228e138,0x0000000772400000)
  to   space 10752K, 0% used [0x0000000770f00000,0x0000000770f00000,0x0000000771980000)
 ParOldGen       total 111104K, used 11052K [0x00000006c2000000, 0x00000006c8c80000, 0x000000076b580000)
  object space 111104K, 9% used [0x00000006c2000000,0x00000006c2acb238,0x00000006c8c80000)
 Metaspace       used 33398K, capacity 34969K, committed 35248K, reserved 1079296K
  class space    used 4429K, capacity 4715K, committed 4784K, reserved 1048576K
Event: 3.162 GC heap after
Heap after GC invocations=6 (full 1):
 PSYoungGen      total 102400K, used 10724K [0x000000076b580000, 0x0000000774c00000, 0x00000007c0000000)
  eden space 91648K, 0% used [0x000000076b580000,0x000000076b580000,0x0000000770f00000)
  from space 10752K, 99% used [0x0000000770f00000,0x00000007719793a8,0x0000000771980000)
  to   space 13824K, 0% used [0x0000000773e80000,0x0000000773e80000,0x0000000774c00000)
 ParOldGen       total 111104K, used 11206K [0x00000006c2000000, 0x00000006c8c80000, 0x000000076b580000)
  object space 111104K, 10% used [0x00000006c2000000,0x00000006c2af19f8,0x00000006c8c80000)
 Metaspace       used 33398K, capacity 34969K, committed 35248K, reserved 1079296K
  class space    used 4429K, capacity 4715K, committed 4784K, reserved 1048576K
}
Event: 3.236 GC heap before
{Heap before GC invocations=7 (full 1):
 PSYoungGen      total 102400K, used 33084K [0x000000076b580000, 0x0000000774c00000, 0x00000007c0000000)
  eden space 91648K, 24% used [0x000000076b580000,0x000000076cb55c70,0x0000000770f00000)
  from space 10752K, 99% used [0x0000000770f00000,0x00000007719793a8,0x0000000771980000)
  to   space 13824K, 0% used [0x0000000773e80000,0x0000000773e80000,0x0000000774c00000)
 ParOldGen       total 111104K, used 11206K [0x00000006c2000000, 0x00000006c8c80000, 0x000000076b580000)
  object space 111104K, 10% used [0x00000006c2000000,0x00000006c2af19f8,0x00000006c8c80000)
 Metaspace       used 33853K, capacity 35431K, committed 35496K, reserved 1079296K
  class space    used 4478K, capacity 4782K, committed 4784K, reserved 1048576K
Event: 3.241 GC heap after
Heap after GC invocations=7 (full 1):
 PSYoungGen      total 140800K, used 6727K [0x000000076b580000, 0x0000000775a00000, 0x00000007c0000000)
  eden space 126976K, 0% used [0x000000076b580000,0x000000076b580000,0x0000000773180000)
  from space 13824K, 48% used [0x0000000773e80000,0x0000000774511f88,0x0000000774c00000)
  to   space 13312K, 0% used [0x0000000773180000,0x0000000773180000,0x0000000773e80000)
 ParOldGen       total 111104K, used 11206K [0x00000006c2000000, 0x00000006c8c80000, 0x000000076b580000)
  object space 111104K, 10% used [0x00000006c2000000,0x00000006c2af19f8,0x00000006c8c80000)
 Metaspace       used 33853K, capacity 35431K, committed 35496K, reserved 1079296K
  class space    used 4478K, capacity 4782K, committed 4784K, reserved 1048576K
}
Event: 3.241 GC heap before
{Heap before GC invocations=8 (full 2):
 PSYoungGen      total 140800K, used 6727K [0x000000076b580000, 0x0000000775a00000, 0x00000007c0000000)
  eden space 126976K, 0% used [0x000000076b580000,0x000000076b580000,0x0000000773180000)
  from space 13824K, 48% used [0x0000000773e80000,0x0000000774511f88,0x0000000774c00000)
  to   space 13312K, 0% used [0x0000000773180000,0x0000000773180000,0x0000000773e80000)
 ParOldGen       total 111104K, used 11206K [0x00000006c2000000, 0x00000006c8c80000, 0x000000076b580000)
  object space 111104K, 10% used [0x00000006c2000000,0x00000006c2af19f8,0x00000006c8c80000)
 Metaspace       used 33853K, capacity 35431K, committed 35496K, reserved 1079296K
  class space    used 4478K, capacity 4782K, committed 4784K, reserved 1048576K
Event: 3.277 GC heap after
Heap after GC invocations=8 (full 2):
 PSYoungGen      total 140800K, used 0K [0x000000076b580000, 0x0000000775a00000, 0x00000007c0000000)
  eden space 126976K, 0% used [0x000000076b580000,0x000000076b580000,0x0000000773180000)
  from space 13824K, 0% used [0x0000000773e80000,0x0000000773e80000,0x0000000774c00000)
  to   space 13312K, 0% used [0x0000000773180000,0x0000000773180000,0x0000000773e80000)
 ParOldGen       total 155136K, used 12006K [0x00000006c2000000, 0x00000006cb780000, 0x000000076b580000)
  object space 155136K, 7% used [0x00000006c2000000,0x00000006c2bb9970,0x00000006cb780000)
 Metaspace       used 33853K, capacity 35431K, committed 35496K, reserved 1079296K
  class space    used 4478K, capacity 4782K, committed 4784K, reserved 1048576K
}
Event: 4.739 GC heap before
{Heap before GC invocations=9 (full 2):
 PSYoungGen      total 140800K, used 126976K [0x000000076b580000, 0x0000000775a00000, 0x00000007c0000000)
  eden space 126976K, 100% used [0x000000076b580000,0x0000000773180000,0x0000000773180000)
  from space 13824K, 0% used [0x0000000773e80000,0x0000000773e80000,0x0000000774c00000)
  to   space 13312K, 0% used [0x0000000773180000,0x0000000773180000,0x0000000773e80000)
 ParOldGen       total 155136K, used 12006K [0x00000006c2000000, 0x00000006cb780000, 0x000000076b580000)
  object space 155136K, 7% used [0x00000006c2000000,0x00000006c2bb9970,0x00000006cb780000)
 Metaspace       used 46722K, capacity 48461K, committed 48936K, reserved 1091584K
  class space    used 6290K, capacity 6597K, committed 6704K, reserved 1048576K
Event: 4.754 GC heap after
Heap after GC invocations=9 (full 2):
 PSYoungGen      total 140288K, used 13308K [0x000000076b580000, 0x0000000779200000, 0x00000007c0000000)
  eden space 126976K, 0% used [0x000000076b580000,0x000000076b580000,0x0000000773180000)
  from space 13312K, 99% used [0x0000000773180000,0x0000000773e7f060,0x0000000773e80000)
  to   space 15872K, 0% used [0x0000000778280000,0x0000000778280000,0x0000000779200000)
 ParOldGen       total 155136K, used 12940K [0x00000006c2000000, 0x00000006cb780000, 0x000000076b580000)
  object space 155136K, 8% used [0x00000006c2000000,0x00000006c2ca3228,0x00000006cb780000)
 Metaspace       used 46722K, capacity 48461K, committed 48936K, reserved 1091584K
  class space    used 6290K, capacity 6597K, committed 6704K, reserved 1048576K
}

Deoptimization events (10 events):
Event: 4.830 Thread 0x00000000029d6000 Uncommon trap: reason=unstable_if action=reinterpret pc=0x000000000307c2c8 method=java.util.LinkedList.node(I)Ljava/util/LinkedList$Node; @ 19
Event: 4.865 Thread 0x00000000029d6000 Uncommon trap: reason=class_check action=maybe_recompile pc=0x00000000034b3e30 method=java.lang.reflect.Method.equals(Ljava/lang/Object;)Z @ 5
Event: 4.865 Thread 0x00000000029d6000 Uncommon trap: reason=class_check action=maybe_recompile pc=0x00000000034b3e30 method=java.lang.reflect.Method.equals(Ljava/lang/Object;)Z @ 5
Event: 4.879 Thread 0x00000000029d6000 Uncommon trap: reason=unstable_if action=reinterpret pc=0x0000000003668eec method=org.springframework.core.annotation.AnnotationsScanner.processClassInheritedAnnotations(Ljava/lang/Object;Ljava/lang/Class;Lorg/springframework/core/annotation/MergedAnnotat
Event: 4.905 Thread 0x00000000029d6000 Uncommon trap: reason=unstable_if action=reinterpret pc=0x00000000036af054 method=java.lang.Class.getEnclosingMethodInfo()Ljava/lang/Class$EnclosingMethodInfo; @ 6
Event: 4.909 Thread 0x00000000029d6000 Uncommon trap: reason=class_check action=maybe_recompile pc=0x000000000356e204 method=org.springframework.core.ResolvableType.calculateHashCode()I @ 23
Event: 4.914 Thread 0x00000000029d6000 Uncommon trap: reason=class_check action=maybe_recompile pc=0x000000000356e204 method=org.springframework.core.ResolvableType.calculateHashCode()I @ 23
Event: 4.917 Thread 0x00000000029d6000 Uncommon trap: reason=unstable_if action=reinterpret pc=0x00000000036f29d4 method=org.springframework.core.annotation.AnnotationsScanner.getBaseTypeMethods(Ljava/lang/Object;Ljava/lang/Class;Ljava/util/function/BiPredicate;)[Ljava/lang/reflect/Method; @ 1
Event: 4.917 Thread 0x00000000029d6000 Uncommon trap: reason=unstable_if action=reinterpret pc=0x000000000368f7dc method=org.springframework.core.annotation.AnnotationsScanner.getBaseTypeMethods(Ljava/lang/Object;Ljava/lang/Class;Ljava/util/function/BiPredicate;)[Ljava/lang/reflect/Method; @ 1
Event: 5.155 Thread 0x00000000029d6000 Uncommon trap: reason=unstable_if action=reinterpret pc=0x00000000037e1054 method=org.springframework.beans.factory.support.AbstractBeanFactory.isTypeMatch(Ljava/lang/String;Lorg/springframework/core/ResolvableType;Z)Z @ 34

Classes redefined (0 events):
No events

Internal exceptions (10 events):
Event: 4.888 Thread 0x00000000029d6000 Exception <a 'java/lang/ClassNotFoundException': org/springframework/web/servlet/config/annotation/DelegatingWebMvcConfigurationCustomizer> (0x000000076c443428) thrown at [C:\re\workspace\8-2-build-windows-amd64-cygwin\jdk8u231\13620\hotspot\src\share\vm\
Event: 4.888 Thread 0x00000000029d6000 Exception <a 'java/lang/ClassNotFoundException': org/springframework/boot/autoconfigure/web/servlet/WebMvcAutoConfiguration$EnableWebMvcConfigurationCustomizer> (0x000000076c470318) thrown at [C:\re\workspace\8-2-build-windows-amd64-cygwin\jdk8u231\13620\
Event: 4.889 Thread 0x00000000029d6000 Exception <a 'java/lang/ClassNotFoundException': org/springframework/context/ResourceLoaderAwareCustomizer> (0x000000076c4993d8) thrown at [C:\re\workspace\8-2-build-windows-amd64-cygwin\jdk8u231\13620\hotspot\src\share\vm\classfile\systemDictionary.cpp, 
Event: 4.890 Thread 0x00000000029d6000 Exception <a 'java/lang/ClassNotFoundException': org/springframework/beans/factory/AwareCustomizer> (0x000000076c4afbc0) thrown at [C:\re\workspace\8-2-build-windows-amd64-cygwin\jdk8u231\13620\hotspot\src\share\vm\classfile\systemDictionary.cpp, line 210
Event: 4.890 Thread 0x00000000029d6000 Exception <a 'java/lang/ClassNotFoundException': org/springframework/context/ApplicationContextAwareCustomizer> (0x000000076c4c8fa8) thrown at [C:\re\workspace\8-2-build-windows-amd64-cygwin\jdk8u231\13620\hotspot\src\share\vm\classfile\systemDictionary.c
Event: 4.890 Thread 0x00000000029d6000 Exception <a 'java/lang/ClassNotFoundException': org/springframework/beans/factory/AwareCustomizer> (0x000000076c4dfd98) thrown at [C:\re\workspace\8-2-build-windows-amd64-cygwin\jdk8u231\13620\hotspot\src\share\vm\classfile\systemDictionary.cpp, line 210
Event: 4.890 Thread 0x00000000029d6000 Exception <a 'java/lang/ClassNotFoundException': org/springframework/web/context/ServletContextAwareCustomizer> (0x000000076c4f9170) thrown at [C:\re\workspace\8-2-build-windows-amd64-cygwin\jdk8u231\13620\hotspot\src\share\vm\classfile\systemDictionary.c
Event: 4.891 Thread 0x00000000029d6000 Exception <a 'java/lang/ClassNotFoundException': org/springframework/beans/factory/AwareCustomizer> (0x000000076c50f9d0) thrown at [C:\re\workspace\8-2-build-windows-amd64-cygwin\jdk8u231\13620\hotspot\src\share\vm\classfile\systemDictionary.cpp, line 210
Event: 5.160 Thread 0x00000000029d6000 Exception <a 'java/lang/IncompatibleClassChangeError': Found class java.lang.Object, but interface was expected> (0x000000076d8193e0) thrown at [C:\re\workspace\8-2-build-windows-amd64-cygwin\jdk8u231\13620\hotspot\src\share\vm\interpreter\linkResolver.cp
Event: 5.222 Thread 0x00000000029d6000 Exception <a 'java/lang/NoSuchMethodError': org.slf4j.impl.StaticMarkerBinder.getSingleton()Lorg/slf4j/impl/StaticMarkerBinder;> (0x000000076dbf10f0) thrown at [C:\re\workspace\8-2-build-windows-amd64-cygwin\jdk8u231\13620\hotspot\src\share\vm\interpreter

Events (10 events):
Event: 5.405 loading class reactor/core/publisher/OnNextFailureStrategy
Event: 5.405 loading class reactor/core/publisher/OnNextFailureStrategy done
Event: 5.405 loading class reactor/core/Fuseable$ConditionalSubscriber
Event: 5.405 loading class reactor/core/Fuseable$ConditionalSubscriber done
Event: 5.406 loading class reactor/core/publisher/Operators$1
Event: 5.406 loading class reactor/core/publisher/Operators$1 done
Event: 5.406 loading class reactor/core/publisher/FluxCreate$SerializedSink
Event: 5.406 loading class reactor/core/publisher/FluxCreate$SerializedSink done
Event: 5.407 loading class reactor/util/concurrent/Queues
Event: 5.407 loading class reactor/util/concurrent/Queues done


Dynamic libraries:
0x00007ff78e3d0000 - 0x00007ff78e407000 	C:\Program Files\Java\jre1.8.0_231\bin\javaw.exe
0x00007fff61b80000 - 0x00007fff61d70000 	C:\Windows\SYSTEM32\ntdll.dll
0x00007fff60f60000 - 0x00007fff61012000 	C:\Windows\System32\KERNEL32.DLL
0x00007fff5eb10000 - 0x00007fff5edb3000 	C:\Windows\System32\KERNELBASE.dll
0x00007fff619c0000 - 0x00007fff61a63000 	C:\Windows\System32\ADVAPI32.dll
0x00007fff612c0000 - 0x00007fff6135e000 	C:\Windows\System32\msvcrt.dll
0x00007fff61020000 - 0x00007fff610b7000 	C:\Windows\System32\sechost.dll
0x00007fff61660000 - 0x00007fff61780000 	C:\Windows\System32\RPCRT4.dll
0x00007fff61120000 - 0x00007fff612b4000 	C:\Windows\System32\USER32.dll
0x00007fff5ef90000 - 0x00007fff5efb1000 	C:\Windows\System32\win32u.dll
0x00007fff60140000 - 0x00007fff60166000 	C:\Windows\System32\GDI32.dll
0x00007fff5fa90000 - 0x00007fff5fc24000 	C:\Windows\System32\gdi32full.dll
0x00007fff5edc0000 - 0x00007fff5ee5e000 	C:\Windows\System32\msvcp_win.dll
0x00007fff5ee60000 - 0x00007fff5ef5a000 	C:\Windows\System32\ucrtbase.dll
0x00007fff510c0000 - 0x00007fff51345000 	C:\Windows\WinSxS\amd64_microsoft.windows.common-controls_6595b64144ccf1df_6.0.18362.418_none_e6c6b287130d565d\COMCTL32.dll
0x00007fff5fc90000 - 0x00007fff5ffc6000 	C:\Windows\System32\combase.dll
0x00007fff5fa10000 - 0x00007fff5fa90000 	C:\Windows\System32\bcryptPrimitives.dll
0x00007fff61360000 - 0x00007fff6138e000 	C:\Windows\System32\IMM32.DLL
0x0000000055060000 - 0x0000000055132000 	C:\Program Files\Java\jre1.8.0_231\bin\msvcr100.dll
0x0000000055220000 - 0x0000000055ac6000 	C:\Program Files\Java\jre1.8.0_231\bin\server\jvm.dll
0x00007fff617f0000 - 0x00007fff617f8000 	C:\Windows\System32\PSAPI.DLL
0x00007fff5d540000 - 0x00007fff5d549000 	C:\Windows\SYSTEM32\WSOCK32.dll
0x00007fff5c620000 - 0x00007fff5c644000 	C:\Windows\SYSTEM32\WINMM.dll
0x00007fff58040000 - 0x00007fff5804a000 	C:\Windows\SYSTEM32\VERSION.dll
0x00007fff61780000 - 0x00007fff617ef000 	C:\Windows\System32\WS2_32.dll
0x00007fff5c5f0000 - 0x00007fff5c61d000 	C:\Windows\SYSTEM32\WINMMBASE.dll
0x00007fff5f9c0000 - 0x00007fff5fa0a000 	C:\Windows\System32\cfgmgr32.dll
0x00007fff5c4a0000 - 0x00007fff5c4af000 	C:\Program Files\Java\jre1.8.0_231\bin\verify.dll
0x00007fff59ba0000 - 0x00007fff59bc9000 	C:\Program Files\Java\jre1.8.0_231\bin\java.dll
0x00007fff5c460000 - 0x00007fff5c476000 	C:\Program Files\Java\jre1.8.0_231\bin\zip.dll
0x00007fff60170000 - 0x00007fff60855000 	C:\Windows\System32\SHELL32.dll
0x00007fff61390000 - 0x00007fff61439000 	C:\Windows\System32\shcore.dll
0x00007fff5efc0000 - 0x00007fff5f73f000 	C:\Windows\System32\windows.storage.dll
0x00007fff5ea60000 - 0x00007fff5ea7f000 	C:\Windows\System32\profapi.dll
0x00007fff5ea80000 - 0x00007fff5eaca000 	C:\Windows\System32\powrprof.dll
0x00007fff5ea50000 - 0x00007fff5ea60000 	C:\Windows\System32\UMPDC.dll
0x00007fff5fc30000 - 0x00007fff5fc82000 	C:\Windows\System32\shlwapi.dll
0x00007fff5eaf0000 - 0x00007fff5eb01000 	C:\Windows\System32\kernel.appcore.dll
0x00007fff5f850000 - 0x00007fff5f867000 	C:\Windows\System32\cryptsp.dll
0x00007fff5c380000 - 0x00007fff5c38d000 	C:\Program Files\Java\jre1.8.0_231\bin\management.dll
0x00007fff5a110000 - 0x00007fff5a12a000 	C:\Program Files\Java\jre1.8.0_231\bin\net.dll
0x00007fff5e2c0000 - 0x00007fff5e327000 	C:\Windows\system32\mswsock.dll
0x00007fff442d0000 - 0x00007fff442e6000 	C:\Windows\system32\napinsp.dll
0x00007fff43690000 - 0x00007fff436aa000 	C:\Windows\system32\pnrpnsp.dll
0x00007fff5e020000 - 0x00007fff5e0ea000 	C:\Windows\SYSTEM32\DNSAPI.dll
0x00007fff61440000 - 0x00007fff61448000 	C:\Windows\System32\NSI.dll
0x00007fff5dfd0000 - 0x00007fff5e00a000 	C:\Windows\SYSTEM32\IPHLPAPI.DLL
0x00007fff4fe60000 - 0x00007fff4fe6e000 	C:\Windows\System32\winrnr.dll
0x00007fff5c350000 - 0x00007fff5c36c000 	C:\Windows\system32\NLAapi.dll
0x00007fff3d100000 - 0x00007fff3d115000 	C:\Windows\system32\wshbth.dll
0x00007fff4f870000 - 0x00007fff4f87a000 	C:\Windows\System32\rasadhlp.dll
0x00007fff50a30000 - 0x00007fff50aa7000 	C:\Windows\System32\fwpuclnt.dll
0x00007fff5ef60000 - 0x00007fff5ef86000 	C:\Windows\System32\bcrypt.dll
0x00007fff59b40000 - 0x00007fff59b52000 	C:\Program Files\Java\jre1.8.0_231\bin\nio.dll
0x00007fff5de30000 - 0x00007fff5de63000 	C:\Windows\system32\rsaenh.dll
0x00007fff5e970000 - 0x00007fff5e995000 	C:\Windows\SYSTEM32\USERENV.dll
0x00007fff5e490000 - 0x00007fff5e49c000 	C:\Windows\SYSTEM32\CRYPTBASE.dll
0x00007fff50c50000 - 0x00007fff50c66000 	C:\Windows\SYSTEM32\dhcpcsvc6.DLL
0x00007fff50c30000 - 0x00007fff50c4c000 	C:\Windows\SYSTEM32\dhcpcsvc.DLL

VM Arguments:
jvm_args: -Dfile.encoding=UTF-8 
java_command: com.example.demo.Demo1Application
java_class_path (initial): D:\Eclipse_event\demo-1\target\classes;D:\Eclipse_event\demo-1\lib\jedis-2.9.0.jar;C:\Users\Lzm\.m2\repository\org\springframework\boot\spring-boot-starter-data-mongodb\2.2.1.RELEASE\spring-boot-starter-data-mongodb-2.2.1.RELEASE.jar;C:\Users\Lzm\.m2\repository\org\springframework\boot\spring-boot-starter\2.2.1.RELEASE\spring-boot-starter-2.2.1.RELEASE.jar;C:\Users\Lzm\.m2\repository\org\springframework\boot\spring-boot\2.2.1.RELEASE\spring-boot-2.2.1.RELEASE.jar;C:\Users\Lzm\.m2\repository\org\springframework\boot\spring-boot-starter-logging\2.2.1.RELEASE\spring-boot-starter-logging-2.2.1.RELEASE.jar;C:\Users\Lzm\.m2\repository\ch\qos\logback\logback-classic\1.2.3\logback-classic-1.2.3.jar;C:\Users\Lzm\.m2\repository\ch\qos\logback\logback-core\1.2.3\logback-core-1.2.3.jar;C:\Users\Lzm\.m2\repository\org\apache\logging\log4j\log4j-to-slf4j\2.12.1\log4j-to-slf4j-2.12.1.jar;C:\Users\Lzm\.m2\repository\org\apache\logging\log4j\log4j-api\2.12.1\log4j-api-2.12.1.jar;C:\Users\Lzm\.m2\repository\org\slf4j\jul-to-slf4j\1.7.29\jul-to-slf4j-1.7.29.jar;C:\Users\Lzm\.m2\repository\jakarta\annotation\jakarta.annotation-api\1.3.5\jakarta.annotation-api-1.3.5.jar;C:\Users\Lzm\.m2\repository\org\yaml\snakeyaml\1.25\snakeyaml-1.25.jar;C:\Users\Lzm\.m2\repository\org\mongodb\mongodb-driver\3.11.2\mongodb-driver-3.11.2.jar;C:\Users\Lzm\.m2\repository\org\mongodb\bson\3.11.2\bson-3.11.2.jar;C:\Users\Lzm\.m2\repository\org\mongodb\mongodb-driver-core\3.11.2\mongodb-driver-core-3.11.2.jar;C:\Users\Lzm\.m2\repository\org\springframework\data\spring-data-mongodb\2.2.1.RELEASE\spring-data-mongodb-2.2.1.RELEASE.jar;C:\Users\Lzm\.m2\repository\org\springframework\spring-tx\5.2.1.RELEASE\spring-tx-5.2.1.RELEASE.jar;C:\Users\Lzm\.m2\repository\org\springframework\spring-context\5.2.1.RELEASE\spring-context-5.2.1.RELEASE.jar;C:\Users\Lzm\.m2\repository\org\springframework\spring-beans\5.2.1.RELEASE\spring-beans-5.2.1.RELEASE.jar;C:\Users\Lzm\.m2\repository\org\sprin
Launcher Type: SUN_STANDARD

Environment Variables:
JAVA_HOME=C:\Program Files\Java\jdk1.8.0_231
CLASSPATH=.;C:\Program Files\Java\jdk1.8.0_231\lib;C:\Program Files\Java\jdk1.8.0_231\lib\tools.jar;
PATH=C:/Program Files/Java/jre1.8.0_231/bin/server;C:/Program Files/Java/jre1.8.0_231/bin;C:/Program Files/Java/jre1.8.0_231/lib/amd64;C:\Program Files (x86)\Common Files\Oracle\Java\javapath;C:\Windows\system32;C:\Windows;C:\Windows\System32\Wbem;C:\Windows\System32\WindowsPowerShell\v1.0\;C:\Windows\System32\OpenSSH\;C:\Program Files\Intel\WiFi\bin\;C:\Program Files\Common Files\Intel\WirelessCommon\;C:\Program Files (x86)\NVIDIA Corporation\PhysX\Common;C:\Program Files\dotnet\;C:\Program Files\Microsoft SQL Server\130\Tools\Binn\;C:\Program Files\Java\jdk1.8.0_231\bin;C:\Program Files\Java\jdk1.8.0_231\jre\bin;C:\Program Files\NVIDIA Corporation\NVIDIA NvDLISR;C:\Program Files (x86)\GtkSharp\2.12\bin;"D:\JavaWeb\Tomcat\lib;D:\JavaWeb\Tomcat\bin";C:\sprintboot\bin;C:\Users\Lzm\AppData\Local\Microsoft\WindowsApps;C:\Program Files\Intel\WiFi\bin\;C:\Program Files\Common Files\Intel\WirelessCommon\;C:\Users\Lzm\AppData\Local\Programs\Microsoft VS Code\bin;C:\Users\Lzm\Downloads\eclipse-java-2019-06-R-win32-x86_64\eclipse;
USERNAME=Lzm
OS=Windows_NT
PROCESSOR_IDENTIFIER=Intel64 Family 6 Model 94 Stepping 3, GenuineIntel



---------------  S Y S T E M  ---------------

OS: Windows 10.0 , 64 bit Build 18362 (10.0.18362.329)

CPU:total 8 (initial active 8) (4 cores per cpu, 2 threads per core) family 6 model 94 stepping 3, cmov, cx8, fxsr, mmx, sse, sse2, sse3, ssse3, sse4.1, sse4.2, popcnt, avx, avx2, aes, clmul, erms, rtm, 3dnowpref, lzcnt, ht, tsc, tscinvbit, bmi1, bmi2, adx

Memory: 4k page, physical 16642092k(6583360k free), swap 20836396k(5920k free)

vm_info: Java HotSpot(TM) 64-Bit Server VM (25.231-b11) for windows-amd64 JRE (1.8.0_231-b11), built on Oct  5 2019 03:11:30 by "java_re" with MS VC++ 10.0 (VS2010)

time: Tue Nov 12 20:18:24 2019
timezone: 中国标准时间
elapsed time: 5 seconds (0d 0h 0m 5s)

